#
# A fatal error has been detected by the Java Runtime Environment:
#
#  EXCEPTION_ACCESS_VIOLATION (0xc0000005) at pc=0x00007ffa2f59bf00, pid=15672, tid=15736
#
# JRE version: Java(TM) SE Runtime Environment (17.0.1+12) (build 17.0.1+12-LTS-39)
# Java VM: Java HotSpot(TM) 64-Bit Server VM (17.0.1+12-LTS-39, mixed mode, sharing, tiered, compressed oops, compressed class ptrs, g1 gc, windows-amd64)
# Problematic frame:
# V  [jvm.dll+0xbf00]
#
# No core dump will be written. Minidumps are not enabled by default on client versions of Windows
#
# If you would like to submit a bug report, please visit:
#   https://bugreport.java.com/bugreport/crash.jsp
#

---------------  S U M M A R Y ------------

Command Line: -Dfile.encoding=windows-1252 -Duser.country=US -Duser.language=en -Duser.variant Main java.libary.path=libs

Host: Intel(R) Core(TM) i7-4810MQ CPU @ 2.80GHz, 8 cores, 7G,  Windows 10 , 64 bit Build 19041 (10.0.19041.1466)
Time: Thu Feb  3 18:07:10 2022 Eastern Standard Time elapsed time: 2.351799 seconds (0d 0h 0m 2s)

---------------  T H R E A D  ---------------

Current thread (0x0000027be02ee780):  JavaThread "main" [_thread_in_vm, id=15736, stack(0x000000f376700000,0x000000f376800000)]

Stack: [0x000000f376700000,0x000000f376800000],  sp=0x000000f3767fedd8,  free space=1019k
Native frames: (J=compiled Java code, j=interpreted, Vv=VM code, C=native code)
V  [jvm.dll+0xbf00]

Java frames: (J=compiled Java code, j=interpreted, Vv=VM code)
j  imgui.ImGui.colorPicker4(Ljava/lang/String;[F)Z+0
j  engine.ImGuiLayer.imGui()V+32
j  engine.Window.loop()V+100
j  engine.Window.run()V+12
j  Main.main([Ljava/lang/String;)V+5
v  ~StubRoutines::call_stub

siginfo: EXCEPTION_ACCESS_VIOLATION (0xc0000005), reading address 0x0000000000000000


Register to memory mapping:

RIP=0x00007ffa2f59bf00 jvm.dll
RAX=0x0 is NULL
RBX=0x0000027be02ee780 is a thread
RCX=0x0 is NULL
RDX=0x0 is NULL
RSP=0x000000f3767fedd8 is pointing into the stack for thread: 0x0000027be02ee780
RBP=0x000000f3767fef10 is pointing into the stack for thread: 0x0000027be02ee780
RSI=0x0 is NULL
RDI=0x0 is NULL
R8 =0x0 is NULL
R9 =0x0000000000000001 is an unknown value
R10=0x0000027bc77575d5 points into unknown readable memory: 00 00 00
R11=0x0000027bc77575d0 points into unknown readable memory: 0x000000726f6c6f43 | 43 6f 6c 6f 72 00 00 00
R12=0x0000027be02eea28 points into unknown readable memory: 0x0000027b8229dc60 | 60 dc 29 82 7b 02 00 00
R13=0x000000f3767fef38 is pointing into the stack for thread: 0x0000027be02ee780
R14=0x0 is NULL
R15=0x0000027be02ee780 is a thread


Registers:
RAX=0x0000000000000000, RBX=0x0000027be02ee780, RCX=0x0000000000000000, RDX=0x0000000000000000
RSP=0x000000f3767fedd8, RBP=0x000000f3767fef10, RSI=0x0000000000000000, RDI=0x0000000000000000
R8 =0x0000000000000000, R9 =0x0000000000000001, R10=0x0000027bc77575d5, R11=0x0000027bc77575d0
R12=0x0000027be02eea28, R13=0x000000f3767fef38, R14=0x0000000000000000, R15=0x0000027be02ee780
RIP=0x00007ffa2f59bf00, EFLAGS=0x0000000000010246

Top of Stack: (sp=0x000000f3767fedd8)
0x000000f3767fedd8:   00007ffa2f97628e 0000027be02ee780
0x000000f3767fede8:   000000f3767fef38 00007ffa2f9722b7
0x000000f3767fedf8:   0000000064aa0006 0000027be02ee780
0x000000f3767fee08:   0000000000000000 0000027be9ac9612
0x000000f3767fee18:   0000000088e046f0 0000027be9ac9612
0x000000f3767fee28:   0000000064aa001c 0000027bc77575d0
0x000000f3767fee38:   0000000088e046f0 0000027be02ee780
0x000000f3767fee48:   0000027be02ee780 0000027be9ac9612
0x000000f3767fee58:   0000027b80d96900 0000000088e046f0
0x000000f3767fee68:   0000000000000000 0000027b80d96900
0x000000f3767fee78:   000000f3767fef38 0000027be02ee780
0x000000f3767fee88:   0000027be9acd621 0000027be9ac9612
0x000000f3767fee98:   0000027be9acd352 0000027b80d96900
0x000000f3767feea8:   0000000088e046f0 0000000000000000
0x000000f3767feeb8:   000000f3767fef88 0000027be9acd2f6
0x000000f3767feec8:   000000f3767feec8 0000027b80d96900 

Instructions: (pc=0x00007ffa2f59bf00)
0x00007ffa2f59be00:   1c d2 a6 00 48 83 c4 20 5b 48 ff e0 48 8d 05 ed
0x00007ffa2f59be10:   00 00 00 48 8b cb 48 89 05 03 d2 a6 00 48 83 c4
0x00007ffa2f59be20:   20 5b 48 ff e0 48 8d 05 d4 00 00 00 48 8b cb 48
0x00007ffa2f59be30:   89 05 ea d1 a6 00 48 83 c4 20 5b 48 ff e0 48 8b
0x00007ffa2f59be40:   0d 4b c3 ac 00 8b 51 10 83 ea 01 0f 84 91 00 00
0x00007ffa2f59be50:   00 83 ea 01 74 73 83 ea 01 74 55 83 fa 01 74 37
0x00007ffa2f59be60:   4c 8d 0d d1 1c 82 00 41 b8 e9 00 00 00 48 8d 15
0x00007ffa2f59be70:   fc 1c 82 00 b9 00 00 00 e0 e8 42 69 23 00 e8 0d
0x00007ffa2f59be80:   37 66 00 33 c0 48 8b cb 48 89 05 91 d1 a6 00 48
0x00007ffa2f59be90:   83 c4 20 5b 48 ff e0 48 8d 05 72 00 00 00 48 8b
0x00007ffa2f59bea0:   cb 48 89 05 78 d1 a6 00 48 83 c4 20 5b 48 ff e0
0x00007ffa2f59beb0:   48 8d 05 49 00 00 00 48 8b cb 48 89 05 5f d1 a6
0x00007ffa2f59bec0:   00 48 83 c4 20 5b 48 ff e0 48 8d 05 30 00 00 00
0x00007ffa2f59bed0:   48 8b cb 48 89 05 46 d1 a6 00 48 83 c4 20 5b 48
0x00007ffa2f59bee0:   ff e0 48 8d 05 17 00 00 00 48 8b cb 48 89 05 2d
0x00007ffa2f59bef0:   d1 a6 00 48 83 c4 20 5b 48 ff e0 cc cc cc cc cc
0x00007ffa2f59bf00:   48 8b 01 c3 cc cc cc cc cc cc cc cc cc cc cc cc
0x00007ffa2f59bf10:   48 89 5c 24 08 57 48 83 ec 20 48 8b 39 48 8b d9
0x00007ffa2f59bf20:   48 85 3d 51 9f b1 00 75 0e 48 8b c7 48 8b 5c 24
0x00007ffa2f59bf30:   30 48 83 c4 20 5f c3 48 8b cf e8 c1 3b 7f 00 48
0x00007ffa2f59bf40:   8b d0 48 85 c0 74 20 48 8b c7 f0 48 0f b1 13 74
0x00007ffa2f59bf50:   16 48 85 05 20 9f b1 00 74 0d 48 8b c8 f0 48 0f
0x00007ffa2f59bf60:   b1 13 48 3b c1 75 ea 48 8b 5c 24 30 48 8b c2 48
0x00007ffa2f59bf70:   83 c4 20 5f c3 cc cc cc cc cc cc cc cc cc cc cc
0x00007ffa2f59bf80:   8b 44 24 30 45 03 c9 44 2b 4c 24 28 83 c0 0b 44
0x00007ffa2f59bf90:   03 ca 45 03 c8 41 03 c1 c3 cc cc cc cc cc cc cc
0x00007ffa2f59bfa0:   48 8b 41 08 0f b7 48 2a 0f b7 40 28 83 c0 48 03
0x00007ffa2f59bfb0:   c1 c3 cc cc cc cc cc cc cc cc cc cc cc cc cc cc
0x00007ffa2f59bfc0:   48 89 5c 24 08 57 48 83 ec 20 0f b6 05 9f a6 b1
0x00007ffa2f59bfd0:   00 48 8b fa 48 8b d9 84 c0 74 4f 48 85 15 96 9e
0x00007ffa2f59bfe0:   b1 00 74 38 48 8b ca e8 24 3e 7f 00 48 8b d0 48
0x00007ffa2f59bff0:   85 db 74 25 48 85 c0 74 20 48 8b c7 f0 48 0f b1 


Stack slot to memory mapping:
stack at sp + 0 slots: 0x00007ffa2f97628e jvm.dll
stack at sp + 1 slots: 0x0000027be02ee780 is a thread
stack at sp + 2 slots: 0x000000f3767fef38 is pointing into the stack for thread: 0x0000027be02ee780
stack at sp + 3 slots: 0x00007ffa2f9722b7 jvm.dll
stack at sp + 4 slots: 0x0000000064aa0006 imgui-java64.dll
stack at sp + 5 slots: 0x0000027be02ee780 is a thread
stack at sp + 6 slots: 0x0 is NULL
stack at sp + 7 slots: 0x0000027be9ac9612 is at code_begin+1394 in an Interpreter codelet
return entry points  [0x0000027be9ac90a0, 0x0000027be9ac9ba0]  2816 bytes


---------------  P R O C E S S  ---------------

Threads class SMR info:
_java_thread_list=0x0000027b810a67d0, length=12, elements={
0x0000027be02ee780, 0x0000027b8036d8c0, 0x0000027b8036e640, 0x0000027b803811c0,
0x0000027b80383a90, 0x0000027b80384350, 0x0000027b80388110, 0x0000027b80389dc0,
0x0000027b80394790, 0x0000027b8039d860, 0x0000027b810a5fd0, 0x0000027b810aa650
}

Java Threads: ( => current thread )
=>0x0000027be02ee780 JavaThread "main" [_thread_in_vm, id=15736, stack(0x000000f376700000,0x000000f376800000)]
  0x0000027b8036d8c0 JavaThread "Reference Handler" daemon [_thread_blocked, id=15764, stack(0x000000f376e00000,0x000000f376f00000)]
  0x0000027b8036e640 JavaThread "Finalizer" daemon [_thread_blocked, id=15768, stack(0x000000f376f00000,0x000000f377000000)]
  0x0000027b803811c0 JavaThread "Signal Dispatcher" daemon [_thread_blocked, id=15772, stack(0x000000f377000000,0x000000f377100000)]
  0x0000027b80383a90 JavaThread "Attach Listener" daemon [_thread_blocked, id=15776, stack(0x000000f377100000,0x000000f377200000)]
  0x0000027b80384350 JavaThread "Service Thread" daemon [_thread_blocked, id=15780, stack(0x000000f377200000,0x000000f377300000)]
  0x0000027b80388110 JavaThread "Monitor Deflation Thread" daemon [_thread_blocked, id=15784, stack(0x000000f377300000,0x000000f377400000)]
  0x0000027b80389dc0 JavaThread "C2 CompilerThread0" daemon [_thread_blocked, id=15788, stack(0x000000f377400000,0x000000f377500000)]
  0x0000027b80394790 JavaThread "C1 CompilerThread0" daemon [_thread_blocked, id=15792, stack(0x000000f377500000,0x000000f377600000)]
  0x0000027b8039d860 JavaThread "Sweeper thread" daemon [_thread_blocked, id=15796, stack(0x000000f377600000,0x000000f377700000)]
  0x0000027b810a5fd0 JavaThread "Notification Thread" daemon [_thread_blocked, id=15800, stack(0x000000f377700000,0x000000f377800000)]
  0x0000027b810aa650 JavaThread "Common-Cleaner" daemon [_thread_blocked, id=15808, stack(0x000000f377900000,0x000000f377a00000)]

Other Threads:
  0x0000027b80366da0 VMThread "VM Thread" [stack: 0x000000f376d00000,0x000000f376e00000] [id=15760]
  0x0000027be230d5d0 WatcherThread [stack: 0x000000f377800000,0x000000f377900000] [id=15804]
  0x0000027be22ee080 GCTaskThread "GC Thread#0" [stack: 0x000000f376800000,0x000000f376900000] [id=15740]
  0x0000027be2301030 ConcurrentGCThread "G1 Main Marker" [stack: 0x000000f376900000,0x000000f376a00000] [id=15744]
  0x0000027be23020f0 ConcurrentGCThread "G1 Conc#0" [stack: 0x000000f376a00000,0x000000f376b00000] [id=15748]
  0x0000027be238b630 ConcurrentGCThread "G1 Refine#0" [stack: 0x000000f376b00000,0x000000f376c00000] [id=15752]
  0x0000027be238bf60 ConcurrentGCThread "G1 Service" [stack: 0x000000f376c00000,0x000000f376d00000] [id=15756]

Threads with active compile tasks:

VM state: not at safepoint (normal execution)

VM Mutex/Monitor currently owned by a thread: None

Heap address: 0x0000000081600000, size: 2026 MB, Compressed Oops mode: 32-bit

CDS archive(s) mapped at: [0x0000000800000000-0x0000000800bc0000-0x0000000800bc0000), size 12320768, SharedBaseAddress: 0x0000000800000000, ArchiveRelocationMode: 0.
Compressed class space mapped at: 0x0000000800c00000-0x0000000840c00000, reserved size: 1073741824
Narrow klass base: 0x0000000800000000, Narrow klass shift: 0, Narrow klass range: 0x100000000

GC Precious Log:
 CPUs: 8 total, 8 available
 Memory: 8097M
 Large Page Support: Disabled
 NUMA Support: Disabled
 Compressed Oops: Enabled (32-bit)
 Heap Region Size: 1M
 Heap Min Capacity: 8M
 Heap Initial Capacity: 128M
 Heap Max Capacity: 2026M
 Pre-touch: Disabled
 Parallel Workers: 8
 Concurrent Workers: 2
 Concurrent Refinement Workers: 8
 Periodic GC: Disabled

Heap:
 garbage-first heap   total 131072K, used 12288K [0x0000000081600000, 0x0000000100000000)
  region size 1024K, 14 young (14336K), 0 survivors (0K)
 Metaspace       used 6422K, committed 6592K, reserved 1064960K
  class space    used 327K, committed 448K, reserved 1048576K

Heap Regions: E=young(eden), S=young(survivor), O=old, HS=humongous(starts), HC=humongous(continues), CS=collection set, F=free, OA=open archive, CA=closed archive, TAMS=top-at-mark-start (previous, next)
|   0|0x0000000081600000, 0x0000000081600000, 0x0000000081700000|  0%| F|  |TAMS 0x0000000081600000, 0x0000000081600000| Untracked 
|   1|0x0000000081700000, 0x0000000081700000, 0x0000000081800000|  0%| F|  |TAMS 0x0000000081700000, 0x0000000081700000| Untracked 
|   2|0x0000000081800000, 0x0000000081800000, 0x0000000081900000|  0%| F|  |TAMS 0x0000000081800000, 0x0000000081800000| Untracked 
|   3|0x0000000081900000, 0x0000000081900000, 0x0000000081a00000|  0%| F|  |TAMS 0x0000000081900000, 0x0000000081900000| Untracked 
|   4|0x0000000081a00000, 0x0000000081a00000, 0x0000000081b00000|  0%| F|  |TAMS 0x0000000081a00000, 0x0000000081a00000| Untracked 
|   5|0x0000000081b00000, 0x0000000081b00000, 0x0000000081c00000|  0%| F|  |TAMS 0x0000000081b00000, 0x0000000081b00000| Untracked 
|   6|0x0000000081c00000, 0x0000000081c00000, 0x0000000081d00000|  0%| F|  |TAMS 0x0000000081c00000, 0x0000000081c00000| Untracked 
|   7|0x0000000081d00000, 0x0000000081d00000, 0x0000000081e00000|  0%| F|  |TAMS 0x0000000081d00000, 0x0000000081d00000| Untracked 
|   8|0x0000000081e00000, 0x0000000081e00000, 0x0000000081f00000|  0%| F|  |TAMS 0x0000000081e00000, 0x0000000081e00000| Untracked 
|   9|0x0000000081f00000, 0x0000000081f00000, 0x0000000082000000|  0%| F|  |TAMS 0x0000000081f00000, 0x0000000081f00000| Untracked 
|  10|0x0000000082000000, 0x0000000082000000, 0x0000000082100000|  0%| F|  |TAMS 0x0000000082000000, 0x0000000082000000| Untracked 
|  11|0x0000000082100000, 0x0000000082100000, 0x0000000082200000|  0%| F|  |TAMS 0x0000000082100000, 0x0000000082100000| Untracked 
|  12|0x0000000082200000, 0x0000000082200000, 0x0000000082300000|  0%| F|  |TAMS 0x0000000082200000, 0x0000000082200000| Untracked 
|  13|0x0000000082300000, 0x0000000082300000, 0x0000000082400000|  0%| F|  |TAMS 0x0000000082300000, 0x0000000082300000| Untracked 
|  14|0x0000000082400000, 0x0000000082400000, 0x0000000082500000|  0%| F|  |TAMS 0x0000000082400000, 0x0000000082400000| Untracked 
|  15|0x0000000082500000, 0x0000000082500000, 0x0000000082600000|  0%| F|  |TAMS 0x0000000082500000, 0x0000000082500000| Untracked 
|  16|0x0000000082600000, 0x0000000082600000, 0x0000000082700000|  0%| F|  |TAMS 0x0000000082600000, 0x0000000082600000| Untracked 
|  17|0x0000000082700000, 0x0000000082700000, 0x0000000082800000|  0%| F|  |TAMS 0x0000000082700000, 0x0000000082700000| Untracked 
|  18|0x0000000082800000, 0x0000000082800000, 0x0000000082900000|  0%| F|  |TAMS 0x0000000082800000, 0x0000000082800000| Untracked 
|  19|0x0000000082900000, 0x0000000082900000, 0x0000000082a00000|  0%| F|  |TAMS 0x0000000082900000, 0x0000000082900000| Untracked 
|  20|0x0000000082a00000, 0x0000000082a00000, 0x0000000082b00000|  0%| F|  |TAMS 0x0000000082a00000, 0x0000000082a00000| Untracked 
|  21|0x0000000082b00000, 0x0000000082b00000, 0x0000000082c00000|  0%| F|  |TAMS 0x0000000082b00000, 0x0000000082b00000| Untracked 
|  22|0x0000000082c00000, 0x0000000082c00000, 0x0000000082d00000|  0%| F|  |TAMS 0x0000000082c00000, 0x0000000082c00000| Untracked 
|  23|0x0000000082d00000, 0x0000000082d00000, 0x0000000082e00000|  0%| F|  |TAMS 0x0000000082d00000, 0x0000000082d00000| Untracked 
|  24|0x0000000082e00000, 0x0000000082e00000, 0x0000000082f00000|  0%| F|  |TAMS 0x0000000082e00000, 0x0000000082e00000| Untracked 
|  25|0x0000000082f00000, 0x0000000082f00000, 0x0000000083000000|  0%| F|  |TAMS 0x0000000082f00000, 0x0000000082f00000| Untracked 
|  26|0x0000000083000000, 0x0000000083000000, 0x0000000083100000|  0%| F|  |TAMS 0x0000000083000000, 0x0000000083000000| Untracked 
|  27|0x0000000083100000, 0x0000000083100000, 0x0000000083200000|  0%| F|  |TAMS 0x0000000083100000, 0x0000000083100000| Untracked 
|  28|0x0000000083200000, 0x0000000083200000, 0x0000000083300000|  0%| F|  |TAMS 0x0000000083200000, 0x0000000083200000| Untracked 
|  29|0x0000000083300000, 0x0000000083300000, 0x0000000083400000|  0%| F|  |TAMS 0x0000000083300000, 0x0000000083300000| Untracked 
|  30|0x0000000083400000, 0x0000000083400000, 0x0000000083500000|  0%| F|  |TAMS 0x0000000083400000, 0x0000000083400000| Untracked 
|  31|0x0000000083500000, 0x0000000083500000, 0x0000000083600000|  0%| F|  |TAMS 0x0000000083500000, 0x0000000083500000| Untracked 
|  32|0x0000000083600000, 0x0000000083600000, 0x0000000083700000|  0%| F|  |TAMS 0x0000000083600000, 0x0000000083600000| Untracked 
|  33|0x0000000083700000, 0x0000000083700000, 0x0000000083800000|  0%| F|  |TAMS 0x0000000083700000, 0x0000000083700000| Untracked 
|  34|0x0000000083800000, 0x0000000083800000, 0x0000000083900000|  0%| F|  |TAMS 0x0000000083800000, 0x0000000083800000| Untracked 
|  35|0x0000000083900000, 0x0000000083900000, 0x0000000083a00000|  0%| F|  |TAMS 0x0000000083900000, 0x0000000083900000| Untracked 
|  36|0x0000000083a00000, 0x0000000083a00000, 0x0000000083b00000|  0%| F|  |TAMS 0x0000000083a00000, 0x0000000083a00000| Untracked 
|  37|0x0000000083b00000, 0x0000000083b00000, 0x0000000083c00000|  0%| F|  |TAMS 0x0000000083b00000, 0x0000000083b00000| Untracked 
|  38|0x0000000083c00000, 0x0000000083c00000, 0x0000000083d00000|  0%| F|  |TAMS 0x0000000083c00000, 0x0000000083c00000| Untracked 
|  39|0x0000000083d00000, 0x0000000083d00000, 0x0000000083e00000|  0%| F|  |TAMS 0x0000000083d00000, 0x0000000083d00000| Untracked 
|  40|0x0000000083e00000, 0x0000000083e00000, 0x0000000083f00000|  0%| F|  |TAMS 0x0000000083e00000, 0x0000000083e00000| Untracked 
|  41|0x0000000083f00000, 0x0000000083f00000, 0x0000000084000000|  0%| F|  |TAMS 0x0000000083f00000, 0x0000000083f00000| Untracked 
|  42|0x0000000084000000, 0x0000000084000000, 0x0000000084100000|  0%| F|  |TAMS 0x0000000084000000, 0x0000000084000000| Untracked 
|  43|0x0000000084100000, 0x0000000084100000, 0x0000000084200000|  0%| F|  |TAMS 0x0000000084100000, 0x0000000084100000| Untracked 
|  44|0x0000000084200000, 0x0000000084200000, 0x0000000084300000|  0%| F|  |TAMS 0x0000000084200000, 0x0000000084200000| Untracked 
|  45|0x0000000084300000, 0x0000000084300000, 0x0000000084400000|  0%| F|  |TAMS 0x0000000084300000, 0x0000000084300000| Untracked 
|  46|0x0000000084400000, 0x0000000084400000, 0x0000000084500000|  0%| F|  |TAMS 0x0000000084400000, 0x0000000084400000| Untracked 
|  47|0x0000000084500000, 0x0000000084500000, 0x0000000084600000|  0%| F|  |TAMS 0x0000000084500000, 0x0000000084500000| Untracked 
|  48|0x0000000084600000, 0x0000000084600000, 0x0000000084700000|  0%| F|  |TAMS 0x0000000084600000, 0x0000000084600000| Untracked 
|  49|0x0000000084700000, 0x0000000084700000, 0x0000000084800000|  0%| F|  |TAMS 0x0000000084700000, 0x0000000084700000| Untracked 
|  50|0x0000000084800000, 0x0000000084800000, 0x0000000084900000|  0%| F|  |TAMS 0x0000000084800000, 0x0000000084800000| Untracked 
|  51|0x0000000084900000, 0x0000000084900000, 0x0000000084a00000|  0%| F|  |TAMS 0x0000000084900000, 0x0000000084900000| Untracked 
|  52|0x0000000084a00000, 0x0000000084a00000, 0x0000000084b00000|  0%| F|  |TAMS 0x0000000084a00000, 0x0000000084a00000| Untracked 
|  53|0x0000000084b00000, 0x0000000084b00000, 0x0000000084c00000|  0%| F|  |TAMS 0x0000000084b00000, 0x0000000084b00000| Untracked 
|  54|0x0000000084c00000, 0x0000000084c00000, 0x0000000084d00000|  0%| F|  |TAMS 0x0000000084c00000, 0x0000000084c00000| Untracked 
|  55|0x0000000084d00000, 0x0000000084d00000, 0x0000000084e00000|  0%| F|  |TAMS 0x0000000084d00000, 0x0000000084d00000| Untracked 
|  56|0x0000000084e00000, 0x0000000084e00000, 0x0000000084f00000|  0%| F|  |TAMS 0x0000000084e00000, 0x0000000084e00000| Untracked 
|  57|0x0000000084f00000, 0x0000000084f00000, 0x0000000085000000|  0%| F|  |TAMS 0x0000000084f00000, 0x0000000084f00000| Untracked 
|  58|0x0000000085000000, 0x0000000085000000, 0x0000000085100000|  0%| F|  |TAMS 0x0000000085000000, 0x0000000085000000| Untracked 
|  59|0x0000000085100000, 0x0000000085100000, 0x0000000085200000|  0%| F|  |TAMS 0x0000000085100000, 0x0000000085100000| Untracked 
|  60|0x0000000085200000, 0x0000000085200000, 0x0000000085300000|  0%| F|  |TAMS 0x0000000085200000, 0x0000000085200000| Untracked 
|  61|0x0000000085300000, 0x0000000085300000, 0x0000000085400000|  0%| F|  |TAMS 0x0000000085300000, 0x0000000085300000| Untracked 
|  62|0x0000000085400000, 0x0000000085400000, 0x0000000085500000|  0%| F|  |TAMS 0x0000000085400000, 0x0000000085400000| Untracked 
|  63|0x0000000085500000, 0x0000000085500000, 0x0000000085600000|  0%| F|  |TAMS 0x0000000085500000, 0x0000000085500000| Untracked 
|  64|0x0000000085600000, 0x0000000085600000, 0x0000000085700000|  0%| F|  |TAMS 0x0000000085600000, 0x0000000085600000| Untracked 
|  65|0x0000000085700000, 0x0000000085700000, 0x0000000085800000|  0%| F|  |TAMS 0x0000000085700000, 0x0000000085700000| Untracked 
|  66|0x0000000085800000, 0x0000000085800000, 0x0000000085900000|  0%| F|  |TAMS 0x0000000085800000, 0x0000000085800000| Untracked 
|  67|0x0000000085900000, 0x0000000085900000, 0x0000000085a00000|  0%| F|  |TAMS 0x0000000085900000, 0x0000000085900000| Untracked 
|  68|0x0000000085a00000, 0x0000000085a00000, 0x0000000085b00000|  0%| F|  |TAMS 0x0000000085a00000, 0x0000000085a00000| Untracked 
|  69|0x0000000085b00000, 0x0000000085b00000, 0x0000000085c00000|  0%| F|  |TAMS 0x0000000085b00000, 0x0000000085b00000| Untracked 
|  70|0x0000000085c00000, 0x0000000085c00000, 0x0000000085d00000|  0%| F|  |TAMS 0x0000000085c00000, 0x0000000085c00000| Untracked 
|  71|0x0000000085d00000, 0x0000000085d00000, 0x0000000085e00000|  0%| F|  |TAMS 0x0000000085d00000, 0x0000000085d00000| Untracked 
|  72|0x0000000085e00000, 0x0000000085e00000, 0x0000000085f00000|  0%| F|  |TAMS 0x0000000085e00000, 0x0000000085e00000| Untracked 
|  73|0x0000000085f00000, 0x0000000085f00000, 0x0000000086000000|  0%| F|  |TAMS 0x0000000085f00000, 0x0000000085f00000| Untracked 
|  74|0x0000000086000000, 0x0000000086000000, 0x0000000086100000|  0%| F|  |TAMS 0x0000000086000000, 0x0000000086000000| Untracked 
|  75|0x0000000086100000, 0x0000000086100000, 0x0000000086200000|  0%| F|  |TAMS 0x0000000086100000, 0x0000000086100000| Untracked 
|  76|0x0000000086200000, 0x0000000086200000, 0x0000000086300000|  0%| F|  |TAMS 0x0000000086200000, 0x0000000086200000| Untracked 
|  77|0x0000000086300000, 0x0000000086300000, 0x0000000086400000|  0%| F|  |TAMS 0x0000000086300000, 0x0000000086300000| Untracked 
|  78|0x0000000086400000, 0x0000000086400000, 0x0000000086500000|  0%| F|  |TAMS 0x0000000086400000, 0x0000000086400000| Untracked 
|  79|0x0000000086500000, 0x0000000086500000, 0x0000000086600000|  0%| F|  |TAMS 0x0000000086500000, 0x0000000086500000| Untracked 
|  80|0x0000000086600000, 0x0000000086600000, 0x0000000086700000|  0%| F|  |TAMS 0x0000000086600000, 0x0000000086600000| Untracked 
|  81|0x0000000086700000, 0x0000000086700000, 0x0000000086800000|  0%| F|  |TAMS 0x0000000086700000, 0x0000000086700000| Untracked 
|  82|0x0000000086800000, 0x0000000086800000, 0x0000000086900000|  0%| F|  |TAMS 0x0000000086800000, 0x0000000086800000| Untracked 
|  83|0x0000000086900000, 0x0000000086900000, 0x0000000086a00000|  0%| F|  |TAMS 0x0000000086900000, 0x0000000086900000| Untracked 
|  84|0x0000000086a00000, 0x0000000086a00000, 0x0000000086b00000|  0%| F|  |TAMS 0x0000000086a00000, 0x0000000086a00000| Untracked 
|  85|0x0000000086b00000, 0x0000000086b00000, 0x0000000086c00000|  0%| F|  |TAMS 0x0000000086b00000, 0x0000000086b00000| Untracked 
|  86|0x0000000086c00000, 0x0000000086c00000, 0x0000000086d00000|  0%| F|  |TAMS 0x0000000086c00000, 0x0000000086c00000| Untracked 
|  87|0x0000000086d00000, 0x0000000086d00000, 0x0000000086e00000|  0%| F|  |TAMS 0x0000000086d00000, 0x0000000086d00000| Untracked 
|  88|0x0000000086e00000, 0x0000000086e00000, 0x0000000086f00000|  0%| F|  |TAMS 0x0000000086e00000, 0x0000000086e00000| Untracked 
|  89|0x0000000086f00000, 0x0000000086f00000, 0x0000000087000000|  0%| F|  |TAMS 0x0000000086f00000, 0x0000000086f00000| Untracked 
|  90|0x0000000087000000, 0x0000000087000000, 0x0000000087100000|  0%| F|  |TAMS 0x0000000087000000, 0x0000000087000000| Untracked 
|  91|0x0000000087100000, 0x0000000087100000, 0x0000000087200000|  0%| F|  |TAMS 0x0000000087100000, 0x0000000087100000| Untracked 
|  92|0x0000000087200000, 0x0000000087200000, 0x0000000087300000|  0%| F|  |TAMS 0x0000000087200000, 0x0000000087200000| Untracked 
|  93|0x0000000087300000, 0x0000000087300000, 0x0000000087400000|  0%| F|  |TAMS 0x0000000087300000, 0x0000000087300000| Untracked 
|  94|0x0000000087400000, 0x0000000087400000, 0x0000000087500000|  0%| F|  |TAMS 0x0000000087400000, 0x0000000087400000| Untracked 
|  95|0x0000000087500000, 0x0000000087500000, 0x0000000087600000|  0%| F|  |TAMS 0x0000000087500000, 0x0000000087500000| Untracked 
|  96|0x0000000087600000, 0x0000000087600000, 0x0000000087700000|  0%| F|  |TAMS 0x0000000087600000, 0x0000000087600000| Untracked 
|  97|0x0000000087700000, 0x0000000087700000, 0x0000000087800000|  0%| F|  |TAMS 0x0000000087700000, 0x0000000087700000| Untracked 
|  98|0x0000000087800000, 0x0000000087800000, 0x0000000087900000|  0%| F|  |TAMS 0x0000000087800000, 0x0000000087800000| Untracked 
|  99|0x0000000087900000, 0x0000000087900000, 0x0000000087a00000|  0%| F|  |TAMS 0x0000000087900000, 0x0000000087900000| Untracked 
| 100|0x0000000087a00000, 0x0000000087a00000, 0x0000000087b00000|  0%| F|  |TAMS 0x0000000087a00000, 0x0000000087a00000| Untracked 
| 101|0x0000000087b00000, 0x0000000087b00000, 0x0000000087c00000|  0%| F|  |TAMS 0x0000000087b00000, 0x0000000087b00000| Untracked 
| 102|0x0000000087c00000, 0x0000000087c00000, 0x0000000087d00000|  0%| F|  |TAMS 0x0000000087c00000, 0x0000000087c00000| Untracked 
| 103|0x0000000087d00000, 0x0000000087d00000, 0x0000000087e00000|  0%| F|  |TAMS 0x0000000087d00000, 0x0000000087d00000| Untracked 
| 104|0x0000000087e00000, 0x0000000087e00000, 0x0000000087f00000|  0%| F|  |TAMS 0x0000000087e00000, 0x0000000087e00000| Untracked 
| 105|0x0000000087f00000, 0x0000000087f00000, 0x0000000088000000|  0%| F|  |TAMS 0x0000000087f00000, 0x0000000087f00000| Untracked 
| 106|0x0000000088000000, 0x0000000088000000, 0x0000000088100000|  0%| F|  |TAMS 0x0000000088000000, 0x0000000088000000| Untracked 
| 107|0x0000000088100000, 0x0000000088100000, 0x0000000088200000|  0%| F|  |TAMS 0x0000000088100000, 0x0000000088100000| Untracked 
| 108|0x0000000088200000, 0x0000000088200000, 0x0000000088300000|  0%| F|  |TAMS 0x0000000088200000, 0x0000000088200000| Untracked 
| 109|0x0000000088300000, 0x0000000088300000, 0x0000000088400000|  0%| F|  |TAMS 0x0000000088300000, 0x0000000088300000| Untracked 
| 110|0x0000000088400000, 0x0000000088400000, 0x0000000088500000|  0%| F|  |TAMS 0x0000000088400000, 0x0000000088400000| Untracked 
| 111|0x0000000088500000, 0x0000000088500000, 0x0000000088600000|  0%| F|  |TAMS 0x0000000088500000, 0x0000000088500000| Untracked 
| 112|0x0000000088600000, 0x0000000088600000, 0x0000000088700000|  0%| F|  |TAMS 0x0000000088600000, 0x0000000088600000| Untracked 
| 113|0x0000000088700000, 0x0000000088700000, 0x0000000088800000|  0%| F|  |TAMS 0x0000000088700000, 0x0000000088700000| Untracked 
| 114|0x0000000088800000, 0x00000000888852c0, 0x0000000088900000| 52%| E|  |TAMS 0x0000000088800000, 0x0000000088800000| Complete 
| 115|0x0000000088900000, 0x0000000088a00000, 0x0000000088a00000|100%| E|CS|TAMS 0x0000000088900000, 0x0000000088900000| Complete 
| 116|0x0000000088a00000, 0x0000000088b00000, 0x0000000088b00000|100%| E|CS|TAMS 0x0000000088a00000, 0x0000000088a00000| Complete 
| 117|0x0000000088b00000, 0x0000000088c00000, 0x0000000088c00000|100%| E|CS|TAMS 0x0000000088b00000, 0x0000000088b00000| Complete 
| 118|0x0000000088c00000, 0x0000000088d00000, 0x0000000088d00000|100%| E|CS|TAMS 0x0000000088c00000, 0x0000000088c00000| Complete 
| 119|0x0000000088d00000, 0x0000000088e00000, 0x0000000088e00000|100%| E|CS|TAMS 0x0000000088d00000, 0x0000000088d00000| Complete 
| 120|0x0000000088e00000, 0x0000000088f00000, 0x0000000088f00000|100%| E|CS|TAMS 0x0000000088e00000, 0x0000000088e00000| Complete 
| 121|0x0000000088f00000, 0x0000000089000000, 0x0000000089000000|100%| E|CS|TAMS 0x0000000088f00000, 0x0000000088f00000| Complete 
| 122|0x0000000089000000, 0x0000000089100000, 0x0000000089100000|100%| E|  |TAMS 0x0000000089000000, 0x0000000089000000| Complete 
| 123|0x0000000089100000, 0x0000000089200000, 0x0000000089200000|100%| E|CS|TAMS 0x0000000089100000, 0x0000000089100000| Complete 
| 124|0x0000000089200000, 0x0000000089300000, 0x0000000089300000|100%| E|CS|TAMS 0x0000000089200000, 0x0000000089200000| Complete 
| 125|0x0000000089300000, 0x0000000089400000, 0x0000000089400000|100%| E|CS|TAMS 0x0000000089300000, 0x0000000089300000| Complete 
| 126|0x0000000089400000, 0x0000000089500000, 0x0000000089500000|100%| E|CS|TAMS 0x0000000089400000, 0x0000000089400000| Complete 
| 127|0x0000000089500000, 0x0000000089600000, 0x0000000089600000|100%| E|CS|TAMS 0x0000000089500000, 0x0000000089500000| Complete 

Card table byte_map: [0x0000027bf91f0000,0x0000027bf95f0000] _byte_map_base: 0x0000027bf8de5000

Marking Bits (Prev, Next): (CMBitMap*) 0x0000027be22f09c0, (CMBitMap*) 0x0000027be22f0a00
 Prev Bits: [0x0000027bf99f0000, 0x0000027bfb998000)
 Next Bits: [0x0000027bfb9a0000, 0x0000027bfd948000)

Polling page: 0x0000027be01c0000

Metaspace:

Usage:
  Non-class:      5.95 MB used.
      Class:    327.68 KB used.
       Both:      6.27 MB used.

Virtual space:
  Non-class space:       16.00 MB reserved,       6.00 MB ( 38%) committed,  2 nodes.
      Class space:        1.00 GB reserved,     448.00 KB ( <1%) committed,  1 nodes.
             Both:        1.02 GB reserved,       6.44 MB ( <1%) committed. 

Chunk freelists:
   Non-Class:  3.38 MB
       Class:  3.49 MB
        Both:  6.87 MB

MaxMetaspaceSize: unlimited
CompressedClassSpaceSize: 1.00 GB
Initial GC threshold: 21.00 MB
Current GC threshold: 21.00 MB
CDS: on
MetaspaceReclaimPolicy: balanced
 - commit_granule_bytes: 65536.
 - commit_granule_words: 8192.
 - virtual_space_node_default_size: 1048576.
 - enlarge_chunks_in_place: 1.
 - new_chunks_are_fully_committed: 0.
 - uncommit_free_chunks: 1.
 - use_allocation_guard: 0.
 - handle_deallocations: 1.


Internal statistics:

num_allocs_failed_limit: 0.
num_arena_births: 122.
num_arena_deaths: 0.
num_vsnodes_births: 3.
num_vsnodes_deaths: 0.
num_space_committed: 101.
num_space_uncommitted: 0.
num_chunks_returned_to_freelist: 0.
num_chunks_taken_from_freelist: 318.
num_chunk_merges: 0.
num_chunk_splits: 222.
num_chunks_enlarged: 175.
num_purges: 0.
num_inconsistent_stats: 0.

CodeHeap 'non-profiled nmethods': size=120000Kb used=260Kb max_used=260Kb free=119739Kb
 bounds [0x0000027bf1590000, 0x0000027bf1800000, 0x0000027bf8ac0000]
CodeHeap 'profiled nmethods': size=120000Kb used=1434Kb max_used=1434Kb free=118565Kb
 bounds [0x0000027bea060000, 0x0000027bea2d0000, 0x0000027bf1590000]
CodeHeap 'non-nmethods': size=5760Kb used=1752Kb max_used=1766Kb free=4007Kb
 bounds [0x0000027be9ac0000, 0x0000027be9d30000, 0x0000027bea060000]
 total_blobs=2147 nmethods=915 adapters=1145
 compilation: enabled
              stopped_count=0, restarted_count=0
 full_count=0

Compilation events (20 events):
Event: 2.213 Thread 0x0000027b80394790  903       3       org.lwjgl.system.APIUtil::apiCheckAllocation (46 bytes)
Event: 2.213 Thread 0x0000027b80394790 nmethod 903 0x0000027bea1c3c10 code [0x0000027bea1c3da0, 0x0000027bea1c3e98]
Event: 2.213 Thread 0x0000027b80394790  904       3       org.joml.Vector2f::equals (71 bytes)
Event: 2.213 Thread 0x0000027b80394790 nmethod 904 0x0000027bea1c3f10 code [0x0000027bea1c4140, 0x0000027bea1c4c18]
Event: 2.213 Thread 0x0000027b80394790  905       3       org.joml.Matrix4f::_m00 (7 bytes)
Event: 2.214 Thread 0x0000027b80394790 nmethod 905 0x0000027bea1c4e10 code [0x0000027bea1c4fa0, 0x0000027bea1c50b8]
Event: 2.214 Thread 0x0000027b80394790  909       3       org.joml.Vector3f::<init> (20 bytes)
Event: 2.214 Thread 0x0000027b80394790 nmethod 909 0x0000027bea1c5190 code [0x0000027bea1c5320, 0x0000027bea1c5498]
Event: 2.214 Thread 0x0000027b80394790  906       1       components.SpriteRenderer::isDirty (5 bytes)
Event: 2.214 Thread 0x0000027b80394790 nmethod 906 0x0000027bf15d0b90 code [0x0000027bf15d0d20, 0x0000027bf15d0df8]
Event: 2.214 Thread 0x0000027b80394790  907       1       engine.Camera::getProjectionMatrix (5 bytes)
Event: 2.214 Thread 0x0000027b80394790 nmethod 907 0x0000027bf15d0e90 code [0x0000027bf15d1020, 0x0000027bf15d10f8]
Event: 2.229 Thread 0x0000027b80394790  912       3       org.joml.Matrix4f::_m01 (7 bytes)
Event: 2.230 Thread 0x0000027b80394790 nmethod 912 0x0000027bea1c5590 code [0x0000027bea1c5720, 0x0000027bea1c5838]
Event: 2.230 Thread 0x0000027b80394790  915       3       org.lwjgl.system.MemoryStack::getPointerAddress (15 bytes)
Event: 2.230 Thread 0x0000027b80394790 nmethod 915 0x0000027bea1c5910 code [0x0000027bea1c5aa0, 0x0000027bea1c5bb8]
Event: 2.230 Thread 0x0000027b80394790  914       3       org.lwjgl.system.MemoryStack::nASCII (18 bytes)
Event: 2.230 Thread 0x0000027b80394790 nmethod 914 0x0000027bea1c5c90 code [0x0000027bea1c5e80, 0x0000027bea1c6318]
Event: 2.230 Thread 0x0000027b80394790  913       3       org.joml.Matrix4f::_m02 (7 bytes)
Event: 2.230 Thread 0x0000027b80394790 nmethod 913 0x0000027bea1c6510 code [0x0000027bea1c66a0, 0x0000027bea1c67b8]

GC Heap History (0 events):
No events

Deoptimization events (14 events):
Event: 0.179 Thread 0x0000027be02ee780 DEOPT PACKING pc=0x0000027bea0785e7 sp=0x000000f3767fab00
Event: 0.179 Thread 0x0000027be02ee780 DEOPT UNPACKING pc=0x0000027be9b12b43 sp=0x000000f3767f9f20 mode 0
Event: 0.186 Thread 0x0000027be02ee780 DEOPT PACKING pc=0x0000027bea067cd1 sp=0x000000f3767faac0
Event: 0.186 Thread 0x0000027be02ee780 DEOPT UNPACKING pc=0x0000027be9b12b43 sp=0x000000f3767f9f38 mode 0
Event: 0.931 Thread 0x0000027be02ee780 DEOPT PACKING pc=0x0000027bea086fe5 sp=0x000000f3767fd790
Event: 0.931 Thread 0x0000027be02ee780 DEOPT UNPACKING pc=0x0000027be9b12b43 sp=0x000000f3767fcbe0 mode 0
Event: 1.173 Thread 0x0000027be02ee780 Uncommon trap: trap_request=0xffffff54 fr.pc=0x0000027bf15b825c relative=0x000000000000005c
Event: 1.173 Thread 0x0000027be02ee780 Uncommon trap: reason=speculate_null_assert action=make_not_entrant pc=0x0000027bf15b825c method=sun.misc.Unsafe.getLong(Ljava/lang/Object;J)J @ 5 c2
Event: 1.173 Thread 0x0000027be02ee780 DEOPT PACKING pc=0x0000027bf15b825c sp=0x000000f3767fec70
Event: 1.173 Thread 0x0000027be02ee780 DEOPT UNPACKING pc=0x0000027be9b123a3 sp=0x000000f3767febf8 mode 2
Event: 1.213 Thread 0x0000027be02ee780 Uncommon trap: trap_request=0xffffff5c fr.pc=0x0000027bf15cbf5c relative=0x000000000000005c
Event: 1.213 Thread 0x0000027be02ee780 Uncommon trap: reason=speculate_null_check action=make_not_entrant pc=0x0000027bf15cbf5c method=sun.misc.Unsafe.putLong(Ljava/lang/Object;JJ)V @ 7 c2
Event: 1.213 Thread 0x0000027be02ee780 DEOPT PACKING pc=0x0000027bf15cbf5c sp=0x000000f3767febf0
Event: 1.213 Thread 0x0000027be02ee780 DEOPT UNPACKING pc=0x0000027be9b123a3 sp=0x000000f3767feb68 mode 2

Classes unloaded (0 events):
No events

Classes redefined (0 events):
No events

Internal exceptions (20 events):
Event: 0.171 Thread 0x0000027be02ee780 Exception <a 'sun/nio/fs/WindowsException'{0x000000008920d4e8}> (0x000000008920d4e8) 
thrown [t:\workspace\open\src\hotspot\share\prims\jni.cpp, line 516]
Event: 0.171 Thread 0x0000027be02ee780 Exception <a 'sun/nio/fs/WindowsException'{0x000000008920da38}> (0x000000008920da38) 
thrown [t:\workspace\open\src\hotspot\share\prims\jni.cpp, line 516]
Event: 0.200 Thread 0x0000027be02ee780 Exception <a 'java/lang/NoSuchMethodError'{0x00000000891145a8}: 'int java.lang.invoke.DirectMethodHandle$Holder.invokeStaticInit(java.lang.Object, java.lang.Object, int, long)'> (0x00000000891145a8) 
thrown [t:\workspace\open\src\hotspot\share\interpreter\linkResolver.cpp, line 766]
Event: 0.200 Thread 0x0000027be02ee780 Exception <a 'java/lang/NoSuchMethodError'{0x0000000089119e70}: 'java.lang.Object java.lang.invoke.DirectMethodHandle$Holder.newInvokeSpecial(java.lang.Object, java.lang.Object, int)'> (0x0000000089119e70) 
thrown [t:\workspace\open\src\hotspot\share\interpreter\linkResolver.cpp, line 766]
Event: 0.202 Thread 0x0000027be02ee780 Exception <a 'java/lang/NoSuchMethodError'{0x00000000891287e0}: 'int java.lang.invoke.DirectMethodHandle$Holder.invokeStaticInit(java.lang.Object, java.lang.Object, long, long)'> (0x00000000891287e0) 
thrown [t:\workspace\open\src\hotspot\share\interpreter\linkResolver.cpp, line 766]
Event: 0.203 Thread 0x0000027be02ee780 Exception <a 'java/lang/NoSuchMethodError'{0x000000008912e8f0}: 'java.lang.Object java.lang.invoke.DirectMethodHandle$Holder.newInvokeSpecial(java.lang.Object, java.lang.Object, long)'> (0x000000008912e8f0) 
thrown [t:\workspace\open\src\hotspot\share\interpreter\linkResolver.cpp, line 766]
Event: 0.203 Thread 0x0000027be02ee780 Exception <a 'java/lang/NoSuchMethodError'{0x0000000089132938}: 'java.lang.Object java.lang.invoke.Invokers$Holder.linkToTargetMethod(java.lang.Object, long, java.lang.Object)'> (0x0000000089132938) 
thrown [t:\workspace\open\src\hotspot\share\interpreter\linkResolver.cpp, line 766]
Event: 0.204 Thread 0x0000027be02ee780 Exception <a 'java/lang/NoSuchMethodError'{0x000000008913a050}: 'int java.lang.invoke.DirectMethodHandle$Holder.invokeStaticInit(java.lang.Object, java.lang.Object, java.lang.Object, long)'> (0x000000008913a050) 
thrown [t:\workspace\open\src\hotspot\share\interpreter\linkResolver.cpp, line 766]
Event: 0.223 Thread 0x0000027be02ee780 Exception <a 'sun/nio/fs/WindowsException'{0x00000000891d25c8}> (0x00000000891d25c8) 
thrown [t:\workspace\open\src\hotspot\share\prims\jni.cpp, line 516]
Event: 0.224 Thread 0x0000027be02ee780 Exception <a 'sun/nio/fs/WindowsException'{0x00000000891d2928}> (0x00000000891d2928) 
thrown [t:\workspace\open\src\hotspot\share\prims\jni.cpp, line 516]
Event: 0.312 Thread 0x0000027be02ee780 Exception <a 'java/lang/NoSuchMethodError'{0x0000000089021508}: 'void java.lang.invoke.DirectMethodHandle$Holder.invokeStaticInit(java.lang.Object, long, double, double)'> (0x0000000089021508) 
thrown [t:\workspace\open\src\hotspot\share\interpreter\linkResolver.cpp, line 766]
Event: 0.314 Thread 0x0000027be02ee780 Exception <a 'java/lang/NoSuchMethodError'{0x000000008902dd58}: 'void java.lang.invoke.DirectMethodHandle$Holder.invokeStaticInit(java.lang.Object, long, int, int, int)'> (0x000000008902dd58) 
thrown [t:\workspace\open\src\hotspot\share\interpreter\linkResolver.cpp, line 766]
Event: 0.318 Thread 0x0000027be02ee780 Exception <a 'java/lang/NoSuchMethodError'{0x0000000089041208}: 'void java.lang.invoke.DirectMethodHandle$Holder.invokeStaticInit(java.lang.Object, long, int, int, int, int)'> (0x0000000089041208) 
thrown [t:\workspace\open\src\hotspot\share\interpreter\linkResolver.cpp, line 766]
Event: 0.347 Thread 0x0000027be02ee780 Exception <a 'sun/nio/fs/WindowsException'{0x000000008906d6c0}> (0x000000008906d6c0) 
thrown [t:\workspace\open\src\hotspot\share\prims\jni.cpp, line 516]
Event: 0.347 Thread 0x0000027be02ee780 Exception <a 'sun/nio/fs/WindowsException'{0x000000008906da60}> (0x000000008906da60) 
thrown [t:\workspace\open\src\hotspot\share\prims\jni.cpp, line 516]
Event: 0.355 Thread 0x0000027be02ee780 Exception <a 'sun/nio/fs/WindowsException'{0x0000000089073c60}> (0x0000000089073c60) 
thrown [t:\workspace\open\src\hotspot\share\prims\jni.cpp, line 516]
Event: 0.356 Thread 0x0000027be02ee780 Exception <a 'sun/nio/fs/WindowsException'{0x0000000089073f30}> (0x0000000089073f30) 
thrown [t:\workspace\open\src\hotspot\share\prims\jni.cpp, line 516]
Event: 0.421 Thread 0x0000027be02ee780 Exception <a 'sun/nio/fs/WindowsException'{0x0000000088ff8900}> (0x0000000088ff8900) 
thrown [t:\workspace\open\src\hotspot\share\prims\jni.cpp, line 516]
Event: 1.039 Thread 0x0000027be02ee780 Exception <a 'sun/nio/fs/WindowsException'{0x0000000088c19fc8}> (0x0000000088c19fc8) 
thrown [t:\workspace\open\src\hotspot\share\prims\jni.cpp, line 516]
Event: 1.039 Thread 0x0000027be02ee780 Exception <a 'sun/nio/fs/WindowsException'{0x0000000088c1a348}> (0x0000000088c1a348) 
thrown [t:\workspace\open\src\hotspot\share\prims\jni.cpp, line 516]

VM Operations (8 events):
Event: 0.088 Executing VM operation: HandshakeAllThreads
Event: 0.088 Executing VM operation: HandshakeAllThreads done
Event: 0.163 Executing VM operation: HandshakeAllThreads
Event: 0.163 Executing VM operation: HandshakeAllThreads done
Event: 1.174 Executing VM operation: Cleanup
Event: 1.174 Executing VM operation: Cleanup done
Event: 2.185 Executing VM operation: Cleanup
Event: 2.185 Executing VM operation: Cleanup done

Events (20 events):
Event: 0.472 loading class java/io/DeleteOnExitHook$1 done
Event: 0.901 Loaded shared library C:\Users\User\AppData\Local\Temp\imgui-java-natives_1643929628927\imgui-java64.dll
Event: 1.040 Loaded shared library C:\Users\User\AppData\Local\Temp\lwjglUser\3.3.0-SNAPSHOT\lwjgl_stb.dll
Event: 1.043 loading class java/io/Externalizable
Event: 1.043 loading class java/io/Externalizable done
Event: 1.044 Loaded shared library C:\Program Files\Java\jdk-17.0.1\bin\verify.dll
Event: 1.074 loading class java/utility/ComparableTimSort
Event: 1.074 loading class java/utility/ComparableTimSort done
Event: 1.084 loading class jdk/internal/math/FDBigInteger
Event: 1.085 loading class jdk/internal/math/FDBigInteger done
Event: 1.092 loading class jdk/internal/module/ModulePatcher$PatchedModuleReader
Event: 1.092 loading class jdk/internal/module/ModulePatcher$PatchedModuleReader done
Event: 1.092 loading class sun/net/www/protocol/jrt/Handler
Event: 1.092 loading class sun/net/www/protocol/jrt/Handler done
Event: 1.096 loading class sun/text/resources/cldr/FormatData_en
Event: 1.096 loading class sun/text/resources/cldr/FormatData_en done
Event: 1.096 loading class sun/text/resources/cldr/FormatData_en_US
Event: 1.096 loading class sun/text/resources/cldr/FormatData_en_US done
Event: 1.107 loading class java/lang/SecurityException
Event: 1.107 loading class java/lang/SecurityException done


Dynamic libraries:
0x00007ff782bf0000 - 0x00007ff782c00000 	C:\Program Files\Java\jdk-17.0.1\bin\java.exe
0x00007ffa86fd0000 - 0x00007ffa871c5000 	C:\Windows\SYSTEM32\ntdll.dll
0x00007ffa86220000 - 0x00007ffa862de000 	C:\Windows\System32\KERNEL32.DLL
0x00007ffa84920000 - 0x00007ffa84be8000 	C:\Windows\System32\KERNELBASE.dll
0x00007ffa84c80000 - 0x00007ffa84d80000 	C:\Windows\System32\ucrtbase.dll
0x00007ffa6ef10000 - 0x00007ffa6ef2a000 	C:\Program Files\Java\jdk-17.0.1\bin\VCRUNTIME140.dll
0x00007ffa75fd0000 - 0x00007ffa75fe8000 	C:\Program Files\Java\jdk-17.0.1\bin\jli.dll
0x00007ffa850c0000 - 0x00007ffa8516e000 	C:\Windows\System32\ADVAPI32.dll
0x00007ffa860e0000 - 0x00007ffa8617e000 	C:\Windows\System32\msvcrt.dll
0x00007ffa86180000 - 0x00007ffa8621c000 	C:\Windows\System32\sechost.dll
0x00007ffa853f0000 - 0x00007ffa85515000 	C:\Windows\System32\RPCRT4.dll
0x00007ffa85770000 - 0x00007ffa85911000 	C:\Windows\System32\USER32.dll
0x00007ffa84ef0000 - 0x00007ffa84f12000 	C:\Windows\System32\win32u.dll
0x00007ffa85fa0000 - 0x00007ffa85fcb000 	C:\Windows\System32\GDI32.dll
0x00007ffa84de0000 - 0x00007ffa84eed000 	C:\Windows\System32\gdi32full.dll
0x00007ffa84f70000 - 0x00007ffa8500d000 	C:\Windows\System32\msvcp_win.dll
0x00007ffa774c0000 - 0x00007ffa7775a000 	C:\Windows\WinSxS\amd64_microsoft.windows.common-controls_6595b64144ccf1df_6.0.19041.1110_none_60b5254171f9507e\COMCTL32.dll
0x00007ffa78490000 - 0x00007ffa7849a000 	C:\Windows\SYSTEM32\VERSION.dll
0x00007ffa85a20000 - 0x00007ffa85a50000 	C:\Windows\System32\IMM32.DLL
0x00007ffa803e0000 - 0x00007ffa803ec000 	C:\Program Files\Java\jdk-17.0.1\bin\vcruntime140_1.dll
0x00007ffa53d70000 - 0x00007ffa53dfd000 	C:\Program Files\Java\jdk-17.0.1\bin\msvcp140.dll
0x00007ffa2f590000 - 0x00007ffa3014e000 	C:\Program Files\Java\jdk-17.0.1\bin\server\jvm.dll
0x00007ffa85fd0000 - 0x00007ffa85fd8000 	C:\Windows\System32\PSAPI.DLL
0x00007ffa7fdb0000 - 0x00007ffa7fdb9000 	C:\Windows\SYSTEM32\WSOCK32.dll
0x00007ffa85f30000 - 0x00007ffa85f9b000 	C:\Windows\System32\WS2_32.dll
0x00007ffa77d90000 - 0x00007ffa77db7000 	C:\Windows\SYSTEM32\WINMM.dll
0x00007ffa82660000 - 0x00007ffa82672000 	C:\Windows\SYSTEM32\kernel.appcore.dll
0x00007ffa75f30000 - 0x00007ffa75f3a000 	C:\Program Files\Java\jdk-17.0.1\bin\jimage.dll
0x00007ffa6f4e0000 - 0x00007ffa6f6c4000 	C:\Windows\SYSTEM32\DBGHELP.DLL
0x00007ffa6f4b0000 - 0x00007ffa6f4dc000 	C:\Windows\SYSTEM32\dbgcore.DLL
0x00007ffa84bf0000 - 0x00007ffa84c72000 	C:\Windows\System32\bcryptPrimitives.dll
0x00007ffa6ee70000 - 0x00007ffa6ee95000 	C:\Program Files\Java\jdk-17.0.1\bin\java.dll
0x00007ffa4a990000 - 0x00007ffa4aa66000 	C:\Program Files\Java\jdk-17.0.1\bin\svml.dll
0x00007ffa866a0000 - 0x00007ffa86de4000 	C:\Windows\System32\SHELL32.dll
0x00007ffa827d0000 - 0x00007ffa82f65000 	C:\Windows\SYSTEM32\windows.storage.dll
0x00007ffa862e0000 - 0x00007ffa86635000 	C:\Windows\System32\combase.dll
0x00007ffa84130000 - 0x00007ffa8415e000 	C:\Windows\SYSTEM32\Wldp.dll
0x00007ffa86e80000 - 0x00007ffa86f2d000 	C:\Windows\System32\SHCORE.dll
0x00007ffa86640000 - 0x00007ffa86695000 	C:\Windows\System32\shlwapi.dll
0x00007ffa84620000 - 0x00007ffa8463f000 	C:\Windows\SYSTEM32\profapi.dll
0x00007ffa6eef0000 - 0x00007ffa6ef09000 	C:\Program Files\Java\jdk-17.0.1\bin\net.dll
0x00007ffa77920000 - 0x00007ffa77a2c000 	C:\Windows\SYSTEM32\WINHTTP.dll
0x00007ffa83e90000 - 0x00007ffa83efa000 	C:\Windows\system32\mswsock.dll
0x00007ffa6ed00000 - 0x00007ffa6ed15000 	C:\Program Files\Java\jdk-17.0.1\bin\nio.dll
0x00007ffa6ece0000 - 0x00007ffa6ecf8000 	C:\Program Files\Java\jdk-17.0.1\bin\zip.dll
0x00007ffa56270000 - 0x00007ffa562e1000 	C:\Users\User\AppData\Local\Temp\lwjglUser\3.3.0-SNAPSHOT\lwjgl.dll
0x00007ffa53d00000 - 0x00007ffa53d61000 	C:\Users\User\AppData\Local\Temp\lwjglUser\3.3.0-SNAPSHOT\glfw.dll
0x00007ffa57aa0000 - 0x00007ffa57ae5000 	C:\Windows\SYSTEM32\dinput8.dll
0x00007ffa68190000 - 0x00007ffa681a1000 	C:\Windows\SYSTEM32\xinput1_4.dll
0x00007ffa84f20000 - 0x00007ffa84f6e000 	C:\Windows\System32\cfgmgr32.dll
0x00007ffa84480000 - 0x00007ffa844b4000 	C:\Windows\SYSTEM32\DEVOBJ.dll
0x00007ffa820c0000 - 0x00007ffa820ef000 	C:\Windows\SYSTEM32\dwmapi.dll
0x00007ffa76570000 - 0x00007ffa766c2000 	C:\Windows\SYSTEM32\inputhost.dll
0x00007ffa85170000 - 0x00007ffa8523d000 	C:\Windows\System32\OLEAUT32.dll
0x00007ffa813a0000 - 0x00007ffa814f4000 	C:\Windows\SYSTEM32\wintypes.dll
0x00007ffa7e270000 - 0x00007ffa7e362000 	C:\Windows\SYSTEM32\CoreMessaging.dll
0x00007ffa81b90000 - 0x00007ffa81c86000 	C:\Windows\SYSTEM32\PROPSYS.dll
0x00007ffa7dab0000 - 0x00007ffa7de0e000 	C:\Windows\SYSTEM32\CoreUIComponents.dll
0x00007ffa834f0000 - 0x00007ffa83523000 	C:\Windows\SYSTEM32\ntmarta.dll
0x00007ffa81f30000 - 0x00007ffa81fce000 	C:\Windows\system32\uxtheme.dll
0x00007ffa85520000 - 0x00007ffa85635000 	C:\Windows\System32\MSCTF.dll
0x00007ffa68a50000 - 0x00007ffa68b75000 	C:\Windows\SYSTEM32\opengl32.dll
0x00007ffa72c30000 - 0x00007ffa72c5c000 	C:\Windows\SYSTEM32\GLU32.dll
0x00007ffa85010000 - 0x00007ffa850b9000 	C:\Windows\System32\clbcatq.dll
0x00007ffa7f000000 - 0x00007ffa7f0f9000 	C:\Windows\System32\AppXDeploymentClient.dll
0x00007ffa7f310000 - 0x00007ffa7f3f6000 	C:\Windows\System32\Windows.ApplicationModel.dll
0x00007ffa7f100000 - 0x00007ffa7f301000 	C:\Windows\System32\twinapi.appcore.dll
0x00007ffa85640000 - 0x00007ffa8576a000 	C:\Windows\System32\ole32.dll
0x00007ffa66700000 - 0x00007ffa66762000 	C:\Windows\System32\Windows.FileExplorer.Common.dll
0x00007ffa741e0000 - 0x00007ffa74490000 	C:\Windows\System32\iertutil.dll
0x00007ffa73b00000 - 0x00007ffa73b28000 	C:\Windows\system32\mssprxy.dll
0x00007ffa15c70000 - 0x00007ffa167b7000 	C:\Windows\SYSTEM32\ig75icd64.dll
0x00007ffa78500000 - 0x00007ffa78f3f000 	C:\Windows\SYSTEM32\igdusc64.dll
0x00007ffa81130000 - 0x00007ffa81144000 	C:\Windows\SYSTEM32\WTSAPI32.dll
0x00007ffa7b310000 - 0x00007ffa7b34b000 	C:\Windows\SYSTEM32\dxcore.dll
0x00007ffa83ca0000 - 0x00007ffa83ceb000 	C:\Windows\SYSTEM32\powrprof.dll
0x00007ffa83b10000 - 0x00007ffa83b22000 	C:\Windows\SYSTEM32\UMPDC.dll
0x00007ffa82fd0000 - 0x00007ffa830c4000 	C:\Windows\SYSTEM32\dxgi.dll
0x00007ffa7d090000 - 0x00007ffa7d2f4000 	C:\Windows\SYSTEM32\d3d11.dll
0x00007ffa78f40000 - 0x00007ffa79e9d000 	C:\Windows\SYSTEM32\igd10iumd64.dll
0x00007ffa846e0000 - 0x00007ffa84707000 	C:\Windows\System32\bcrypt.dll
0x00007ffa841a0000 - 0x00007ffa841c7000 	C:\Windows\SYSTEM32\ncrypt.dll
0x00007ffa84160000 - 0x00007ffa8419b000 	C:\Windows\SYSTEM32\NTASN1.dll
0x00007ffa7c9f0000 - 0x00007ffa7cae9000 	C:\Windows\SYSTEM32\textinputframework.dll
0x00007ffa56690000 - 0x00007ffa566ed000 	C:\Users\User\AppData\Local\Temp\lwjglUser\3.3.0-SNAPSHOT\lwjgl_opengl.dll
0x0000000064a00000 - 0x000000006580f000 	C:\Users\User\AppData\Local\Temp\imgui-java-natives_1643929628927\imgui-java64.dll
0x00007ffa4de30000 - 0x00007ffa4dea7000 	C:\Users\User\AppData\Local\Temp\lwjglUser\3.3.0-SNAPSHOT\lwjgl_stb.dll
0x00007ffa75a70000 - 0x00007ffa75a80000 	C:\Program Files\Java\jdk-17.0.1\bin\verify.dll

dbghelp: loaded successfully - version: 4.0.5 - missing functions: none
symbol engine: initialized successfully - sym options: 0x614 - pdb path: .;C:\Program Files\Java\jdk-17.0.1\bin;C:\Windows\SYSTEM32;C:\Windows\WinSxS\amd64_microsoft.windows.common-controls_6595b64144ccf1df_6.0.19041.1110_none_60b5254171f9507e;C:\Program Files\Java\jdk-17.0.1\bin\server;C:\Users\User\AppData\Local\Temp\lwjglUser\3.3.0-SNAPSHOT;C:\Users\User\AppData\Local\Temp\imgui-java-natives_1643929628927

VM Arguments:
jvm_args: -Dfile.encoding=windows-1252 -Duser.country=US -Duser.language=en -Duser.variant 
java_command: Main java.libary.path=libs
java_class_path (initial): C:\dev\The Backrooms Project\build\classes\java\main;C:\dev\The Backrooms Project\build\resources\main;C:\dev\The Backrooms Project\libs\imgui-app-1.86.2-javadoc.jar;C:\dev\The Backrooms Project\libs\imgui-app-1.86.2-sources.jar;C:\dev\The Backrooms Project\libs\imgui-app-1.86.2.jar;C:\dev\The Backrooms Project\libs\imgui-binding-1.86.2-javadoc.jar;C:\dev\The Backrooms Project\libs\imgui-binding-1.86.2-sources.jar;C:\dev\The Backrooms Project\libs\imgui-binding-1.86.2.jar;C:\dev\The Backrooms Project\libs\imgui-lwjgl3-1.86.2-javadoc.jar;C:\dev\The Backrooms Project\libs\imgui-lwjgl3-1.86.2-sources.jar;C:\dev\The Backrooms Project\libs\imgui-lwjgl3-1.86.2.jar;C:\Users\User\.gradle\caches\modules-2\files-2.1\org.lwjgl\lwjgl-assimp\3.2.3\f62aa07a20afbdd3097efc296c4841e0d29700eb\lwjgl-assimp-3.2.3.jar;C:\Users\User\.gradle\caches\modules-2\files-2.1\org.lwjgl\lwjgl-assimp\3.2.3\4e60aeb75f0343c4a9ede4ef8b6b32ca702a00a3\lwjgl-assimp-3.2.3-natives-windows.jar;C:\Users\User\.gradle\caches\modules-2\files-2.1\org.lwjgl\lwjgl-glfw\3.2.3\5e520d5c290c8b012545a8d34fa5db5ab051ea53\lwjgl-glfw-3.2.3.jar;C:\Users\User\.gradle\caches\modules-2\files-2.1\org.lwjgl\lwjgl-glfw\3.2.3\b4d8a3477cdc2edcf7a5f1e822926be846223f54\lwjgl-glfw-3.2.3-natives-windows.jar;C:\Users\User\.gradle\caches\modules-2\files-2.1\org.lwjgl\lwjgl-nfd\3.2.3\c44fee1043c022cf6614a28872d44cf114ca7737\lwjgl-nfd-3.2.3.jar;C:\Users\User\.gradle\caches\modules-2\files-2.1\org.lwjgl\lwjgl-nfd\3.2.3\32782f5f5c57769efb82af864e70b819c77bc891\lwjgl-nfd-3.2.3-natives-windows.jar;C:\Users\User\.gradle\caches\modules-2\files-2.1\org.lwjgl\lwjgl-openal\3.2.3\106742e805803ab9eab8e343f0fb31a3d263903c\lwjgl-openal-3.2.3.jar;C:\Users\User\.gradle\caches\modules-2\files-2.1\org.lwjgl\lwjgl-openal\3.2.3\ec898e8ce11b5886f4f532a1536283ef2817758d\lwjgl-openal-3.2.3-natives-windows.jar;C:\Users\User\.gradle\caches\modules-2\files-2.1\org.lwjgl\lwjgl-opengl\3.2.3\bdd534a323d0c8f54969b95e424b6ac8984f7d6e\lwjgl
Launcher Type: SUN_STANDARD

[Global flags]
     intx CICompilerCount                          = 4                                         {product} {ergonomic}
     uint ConcGCThreads                            = 2                                         {product} {ergonomic}
     uint G1ConcRefinementThreads                  = 8                                         {product} {ergonomic}
   size_t G1HeapRegionSize                         = 1048576                                   {product} {ergonomic}
    uintx GCDrainStackTargetSize                   = 64                                        {product} {ergonomic}
   size_t InitialHeapSize                          = 134217728                                 {product} {ergonomic}
   size_t MarkStackSize                            = 4194304                                   {product} {ergonomic}
   size_t MaxHeapSize                              = 2124414976                                {product} {ergonomic}
   size_t MaxNewSize                               = 1274019840                                {product} {ergonomic}
   size_t MinHeapDeltaBytes                        = 1048576                                   {product} {ergonomic}
   size_t MinHeapSize                              = 8388608                                   {product} {ergonomic}
    uintx NonNMethodCodeHeapSize                   = 5839372                                {pd product} {ergonomic}
    uintx NonProfiledCodeHeapSize                  = 122909434                              {pd product} {ergonomic}
    uintx ProfiledCodeHeapSize                     = 122909434                              {pd product} {ergonomic}
    uintx ReservedCodeCacheSize                    = 251658240                              {pd product} {ergonomic}
     bool SegmentedCodeCache                       = true                                      {product} {ergonomic}
   size_t SoftMaxHeapSize                          = 2124414976                             {manageable} {ergonomic}
     bool UseCompressedClassPointers               = true                           {product lp64_product} {ergonomic}
     bool UseCompressedOops                        = true                           {product lp64_product} {ergonomic}
     bool UseG1GC                                  = true                                      {product} {ergonomic}
     bool UseLargePagesIndividualAllocation        = false                                  {pd product} {ergonomic}

Logging:
Log output configuration:
 #0: stdout all=warning uptime,level,tags
 #1: stderr all=off uptime,level,tags

Environment Variables:
PATH=C:\Program Files\Common Files\Oracle\Java\javapath;C:\Program Files (x86)\Intel\iCLS Client\;C:\Program Files\Intel\iCLS Client\;C:\Windows\system32;C:\Windows;C:\Windows\System32\Wbem;C:\Windows\System32\WindowsPowerShell\v1.0\;C:\Windows\System32\OpenSSH\;C:\Program Files (x86)\Intel\Intel(R) Management Engine Components\DAL;C:\Program Files\Intel\Intel(R) Management Engine Components\DAL;C:\Program Files (x86)\Intel\Intel(R) Management Engine Components\IPT;C:\Program Files\Intel\Intel(R) Management Engine Components\IPT;C:\Users\User\AppData\Local\Microsoft\WindowsApps;;C:\Program Files\JetBrains\IntelliJ IDEA Community Edition 2021.3.1\bin;
USERNAME=User
OS=Windows_NT
PROCESSOR_IDENTIFIER=Intel64 Family 6 Model 60 Stepping 3, GenuineIntel



---------------  S Y S T E M  ---------------

OS:
 Windows 10 , 64 bit Build 19041 (10.0.19041.1466)
OS uptime: 5 days 3:38 hours

CPU: total 8 (initial active 8) (4 cores per cpu, 2 threads per core) family 6 model 60 stepping 3 microcode 0x27, cx8, cmov, fxsr, ht, mmx, sse, sse2, sse3, ssse3, sse4.1, sse4.2, popcnt, lzcnt, tsc, tscinvbit, avx, avx2, aes, erms, clmul, bmi1, bmi2, fma, vzeroupper, clflush

Memory: 4k page, system-wide physical 8097M (1322M free)
TotalPageFile size 14497M (AvailPageFile size 4474M)
current process WorkingSet (physical memory assigned to process): 116M, peak: 116M
current process commit charge ("private bytes"): 289M, peak: 290M

vm_info: Java HotSpot(TM) 64-Bit Server VM (17.0.1+12-LTS-39) for windows-amd64 JRE (17.0.1+12-LTS-39), built on Sep 27 2021 18:41:35 by "mach5one" with MS VC++ 16.8 (VS2019)

END.
